<?xml version="1.0" encoding="UTF-8"?>
<testsuite errors="0" failures="0" name="code-breaker submits guess" tests="16" time="2.182000">
<testcase classname="code-breaker submits guess.submit guess" name="submit guess (outline example : | rgyc | rgyc | bbbb |)" time="0.686000">
</testcase>
<testcase classname="code-breaker submits guess.submit guess" name="submit guess (outline example : | rgyc | rgcy | bbww |)" time="0.076000">
</testcase>
<testcase classname="code-breaker submits guess.submit guess" name="submit guess (outline example : | rgyc | yrgc | bwww |)" time="0.080000">
</testcase>
<testcase classname="code-breaker submits guess.submit guess" name="submit guess (outline example : | rgyc | crgy | wwww |)" time="0.083000">
</testcase>
<testcase classname="code-breaker submits guess.submit guess" name="submit guess (outline example : | rgyc | wgyc | bbb |)" time="0.098000">
</testcase>
<testcase classname="code-breaker submits guess.submit guess" name="submit guess (outline example : | rgyc | wryc | bbw |)" time="0.084000">
</testcase>
<testcase classname="code-breaker submits guess.submit guess" name="submit guess (outline example : | rgyc | wrgc | bww |)" time="0.084000">
</testcase>
<testcase classname="code-breaker submits guess.submit guess" name="submit guess (outline example : | rgyc | wrgy | www |)" time="0.050000">
</testcase>
<testcase classname="code-breaker submits guess.submit guess" name="submit guess (outline example : | rgyc | wgwc | bb |)" time="0.109000">
</testcase>
<testcase classname="code-breaker submits guess.submit guess" name="submit guess (outline example : | rgyc | wrwc | bw |)" time="0.090000">
</testcase>
<testcase classname="code-breaker submits guess.submit guess" name="submit guess (outline example : | rgyc | gwcw | ww |)" time="0.050000">
</testcase>
<testcase classname="code-breaker submits guess.submit guess" name="submit guess (outline example : | rgyc | rwww | b |)" time="0.069000">
</testcase>
<testcase classname="code-breaker submits guess.submit guess" name="submit guess (outline example : | rgyc | wwrw | w |)" time="0.125000">
</testcase>
<testcase classname="code-breaker submits guess.submit guess" name="submit guess (outline example : | rgyc | rgyg | bbb |)" time="0.044000">
</testcase>
<testcase classname="code-breaker submits guess.submit guess" name="submit guess (outline example : | rgyc | ryyc | bbb |)" time="0.104000">
</testcase>
<testcase classname="code-breaker submits guess.submit guess" name="submit guess (outline example : | rgyc | gryg | bww |)" time="0.069000">
</testcase>
</testsuite>
